#
# A fatal error has been detected by the Java Runtime Environment:
#
#  SIGFPE (0x8) at pc=0x0000000116f8d168, pid=2889, tid=8195
#
# JRE version: Java(TM) SE Runtime Environment (15.0.1+9) (build 15.0.1+9-18)
# Java VM: Java HotSpot(TM) 64-Bit Server VM (15.0.1+9-18, mixed mode, sharing, tiered, compressed oops, g1 gc, bsd-amd64)
# Problematic frame:
# j  simpledb.IntHistogram.addValue(I)V+0
#
# No core dump will be written. Core dumps have been disabled. To enable core dumping, try "ulimit -c unlimited" before starting Java again
#
# If you would like to submit a bug report, please visit:
#   https://bugreport.java.com/bugreport/crash.jsp
#

---------------  S U M M A R Y ------------

Command Line: -ea -Didea.test.cyclic.buffer.size=1048576 -javaagent:/Applications/IntelliJ IDEA.app/Contents/lib/idea_rt.jar=50684:/Applications/IntelliJ IDEA.app/Contents/bin -Dfile.encoding=UTF-8 com.intellij.rt.junit.JUnitStarter -ideVersion5 -junit4 simpledb.IntHistogramTest

Host: MacBookPro17,1 x86_64 2400 MHz, 8 cores, 16G, Darwin 20.3.0
Time: Sun Jun  6 19:49:05 2021 PDT elapsed time: 0.345374 seconds (0d 0h 0m 0s)

---------------  T H R E A D  ---------------

Current thread (0x00007fbb2a80ee00):  JavaThread "main" [_thread_in_Java, id=8195, stack(0x0000000304726000,0x0000000304826000)]

Stack: [0x0000000304726000,0x0000000304826000],  sp=0x0000000304824b30,  free space=1018k
Native frames: (J=compiled Java code, A=aot compiled Java code, j=interpreted, Vv=VM code, C=native code)
j  simpledb.IntHistogram.addValue(I)V+0
j  simpledb.IntHistogramTest.orderOfGrowthTest()V+30
v  ~StubRoutines::call_stub
V  [libjvm.dylib+0x4ad312]  JavaCalls::call_helper(JavaValue*, methodHandle const&, JavaCallArguments*, Thread*)+0x2e2
V  [libjvm.dylib+0x89ceae]  invoke(InstanceKlass*, methodHandle const&, Handle, bool, objArrayHandle, BasicType, objArrayHandle, bool, Thread*)+0x8ee
V  [libjvm.dylib+0x89c594]  Reflection::invoke_method(oopDesc*, Handle, objArrayHandle, Thread*)+0x244
V  [libjvm.dylib+0x55b399]  JVM_InvokeMethod+0x329
j  jdk.internal.reflect.NativeMethodAccessorImpl.invoke0(Ljava/lang/reflect/Method;Ljava/lang/Object;[Ljava/lang/Object;)Ljava/lang/Object;+0 java.base@15.0.1
j  jdk.internal.reflect.NativeMethodAccessorImpl.invoke(Ljava/lang/Object;[Ljava/lang/Object;)Ljava/lang/Object;+113 java.base@15.0.1
j  jdk.internal.reflect.DelegatingMethodAccessorImpl.invoke(Ljava/lang/Object;[Ljava/lang/Object;)Ljava/lang/Object;+6 java.base@15.0.1
j  java.lang.reflect.Method.invoke(Ljava/lang/Object;[Ljava/lang/Object;)Ljava/lang/Object;+59 java.base@15.0.1
j  org.junit.runners.model.FrameworkMethod$1.runReflectiveCall()Ljava/lang/Object;+15
j  org.junit.internal.runners.model.ReflectiveCallable.run()Ljava/lang/Object;+1
j  org.junit.runners.model.FrameworkMethod.invokeExplosively(Ljava/lang/Object;[Ljava/lang/Object;)Ljava/lang/Object;+10
j  org.junit.internal.runners.statements.InvokeMethod.evaluate()V+12
j  org.junit.internal.runners.statements.RunBefores.evaluate()V+49
j  org.junit.internal.runners.statements.RunAfters.evaluate()V+18
j  org.junit.runners.BlockJUnit4ClassRunner.runChild(Lorg/junit/runners/model/FrameworkMethod;Lorg/junit/runner/notification/RunNotifier;)V+31
j  org.junit.runners.BlockJUnit4ClassRunner.runChild(Ljava/lang/Object;Lorg/junit/runner/notification/RunNotifier;)V+6
j  org.junit.runners.ParentRunner.runChildren(Lorg/junit/runner/notification/RunNotifier;)V+29
j  org.junit.runners.ParentRunner.access$000(Lorg/junit/runners/ParentRunner;Lorg/junit/runner/notification/RunNotifier;)V+2
j  org.junit.runners.ParentRunner$1.evaluate()V+8
j  org.junit.internal.runners.statements.RunBefores.evaluate()V+49
j  org.junit.internal.runners.statements.RunAfters.evaluate()V+18
j  org.junit.runners.ParentRunner.run(Lorg/junit/runner/notification/RunNotifier;)V+20
j  org.junit.runner.JUnitCore.run(Lorg/junit/runner/Runner;)Lorg/junit/runner/Result;+34
j  com.intellij.junit4.JUnit4IdeaTestRunner.startRunnerWithArgs([Ljava/lang/String;Ljava/lang/String;IZ)I+166
j  com.intellij.rt.junit.IdeaTestRunner$Repeater.startRunnerWithArgs(Lcom/intellij/rt/junit/IdeaTestRunner;[Ljava/lang/String;Ljava/util/ArrayList;Ljava/lang/String;IZ)I+22
j  com.intellij.rt.junit.JUnitStarter.prepareStreamsAndStart([Ljava/lang/String;Ljava/lang/String;Ljava/util/ArrayList;Ljava/lang/String;)I+116
j  com.intellij.rt.junit.JUnitStarter.main([Ljava/lang/String;)V+97
v  ~StubRoutines::call_stub
V  [libjvm.dylib+0x4ad312]  JavaCalls::call_helper(JavaValue*, methodHandle const&, JavaCallArguments*, Thread*)+0x2e2
V  [libjvm.dylib+0x50d989]  jni_invoke_static(JNIEnv_*, JavaValue*, _jobject*, JNICallType, _jmethodID*, JNI_ArgumentPusher*, Thread*)+0x1f9
V  [libjvm.dylib+0x510f1a]  jni_CallStaticVoidMethod+0x18a
C  [libjli.dylib+0x4f3d]  JavaMain+0xc1d
C  [libjli.dylib+0x7659]  ThreadJavaMain+0x9
C  [libsystem_pthread.dylib+0x6950]  _pthread_start+0xe0
C  [libsystem_pthread.dylib+0x247b]  thread_start+0xf


siginfo: si_signo: 8 (SIGFPE), si_code: 5 (FPE_FLTINV), si_addr: 0x0000000116f8d168

Register to memory mapping:

RAX=0x0 is NULL
RBX=0x000000000000006c is an unknown value
RCX=0x0 is NULL
RDX=0x0 is NULL
RSP=0x0000000304824b30 is pointing into the stack for thread: 0x00007fbb2a80ee00
RBP=0x0000000304824b78 is pointing into the stack for thread: 0x00007fbb2a80ee00
RSI=0x0000000000000003 is an unknown value
RDI=0x0000000000000003 is an unknown value
R8 ={method} {0x0000000131cdf7b0} 'addValue' '(I)V' in 'simpledb/IntHistogram'
R9 =0x00007fbb29d08b10 points into unknown readable memory: 0x0000000131c901f8 | f8 01 c9 31 01 00 00 00
R10=0x000000010d4360c0: _ZN19TemplateInterpreter13_active_tableE+0x4800 in /Library/Java/JavaVirtualMachines/jdk-15.0.1.jdk/Contents/Home/lib/server/libjvm.dylib at 0x000000010c800000
R11=0x0 is NULL
R12=0x0 is NULL
R13=0x0000000131cdf762 is pointing into metadata
R14=0x0000000304824b98 is pointing into the stack for thread: 0x00007fbb2a80ee00
R15=0x00007fbb2a80ee00 is a thread


Registers:
RAX=0x0000000000000000, RBX=0x000000000000006c, RCX=0x0000000000000000, RDX=0x0000000000000000
RSP=0x0000000304824b30, RBP=0x0000000304824b78, RSI=0x0000000000000003, RDI=0x0000000000000003
R8 =0x0000000131cdf7b0, R9 =0x00007fbb29d08b10, R10=0x000000010d4360c0, R11=0x0000000000000000
R12=0x0000000000000000, R13=0x0000000131cdf762, R14=0x0000000304824b98, R15=0x00007fbb2a80ee00
RIP=0x0000000116f8d168, EFLAGS=0x0000000000000a87, ERR=0x0000000000000000
  TRAPNO=0x0000000000000000

Top of Stack: (sp=0x0000000304824b30)
0x0000000304824b30:   0000000304824b30 0000000131cdf758
0x0000000304824b40:   0000000304824b98 0000000131cdfc38
0x0000000304824b50:   0000000000000000 000000070fdaa9b8
0x0000000304824b60:   0000000131cdf7b0 0000000000000000
0x0000000304824b70:   0000000304824b90 0000000304824be8
0x0000000304824b80:   0000000116f82eea 0000000000000000
0x0000000304824b90:   0000000000000000 000000070fdaaaa8
0x0000000304824ba0:   0000000304824ba0 0000000131cac27e
0x0000000304824bb0:   0000000304824c18 0000000131cbbff0
0x0000000304824bc0:   0000000000000000 000000070fc258f8
0x0000000304824bd0:   0000000131cac310 0000000304824b90
0x0000000304824be0:   0000000304824c18 0000000304824c80
0x0000000304824bf0:   0000000116f79947 0000000000000000
0x0000000304824c00:   0000000000000000 0000000000000000
0x0000000304824c10:   000000070fdaaaa8 000000070fda5968
0x0000000304824c20:   6baeaf8700001fa0 00007fbb2a80ee00
0x0000000304824c30:   0000000304824e80 0000000304824d98
0x0000000304824c40:   0000000304824dc0 0000000000000001
0x0000000304824c50:   0000000304824cd8 0000000304824da0
0x0000000304824c60:   000000000000000a 0000000131cac310
0x0000000304824c70:   0000000116f86f40 0000000304824e88
0x0000000304824c80:   0000000304824d60 000000010ccad312
0x0000000304824c90:   0000000000000001 00007fbb2a80ee00
0x0000000304824ca0:   00007fbb2a80ee00 00007fbb29d08590
0x0000000304824cb0:   00007fbb29d08a20 00007fbb29d08a50
0x0000000304824cc0:   00007fbb29d08b08 00000000000000d8
0x0000000304824cd0:   0000000304825bd0 00007fbb2a80ee00
0x0000000304824ce0:   00007fbb29c1d800 0000000131cac310
0x0000000304824cf0:   000000070fda5968 0000000304825000
0x0000000304824d00:   0000000116f8816f 0000000304825060
0x0000000304824d10:   0000000304824d98 0000000800042a60
0x0000000304824d20:   0000000116f86f40 000000000000000f 

Instructions: (pc=0x0000000116f8d168)
0x0000000116f8d068:   84 90 27 0d 01 00 00 00 6a 00 00 00 00 00 00 00
0x0000000116f8d078:   00 00 00 00 00 00 00 00 f3 0f 10 04 24 48 83 c4
0x0000000116f8d088:   08 f3 0f 59 04 24 48 83 c4 08 41 0f b6 5d 01 49
0x0000000116f8d098:   ff c5 49 ba c0 48 43 0d 01 00 00 00 41 ff 24 da
0x0000000116f8d0a8:   00 00 00 00 00 00 00 00 00 00 00 00 00 00 00 00
0x0000000116f8d0b8:   00 00 00 00 00 00 00 00 60 00 00 00 00 00 00 00
0x0000000116f8d0c8:   89 90 27 0d 01 00 00 00 6b 00 00 00 00 00 00 00
0x0000000116f8d0d8:   00 00 00 00 00 00 00 00 f2 0f 10 04 24 48 83 c4
0x0000000116f8d0e8:   10 f2 0f 59 04 24 48 83 c4 10 41 0f b6 5d 01 49
0x0000000116f8d0f8:   ff c5 49 ba c0 50 43 0d 01 00 00 00 41 ff 24 da
0x0000000116f8d108:   00 00 00 00 00 00 00 00 00 00 00 00 00 00 00 00
0x0000000116f8d118:   00 00 00 00 00 00 00 00 60 00 00 00 00 00 00 00
0x0000000116f8d128:   8e 90 27 0d 01 00 00 00 6c 00 00 00 00 00 00 00
0x0000000116f8d138:   00 00 00 00 00 00 00 00 8b 04 24 48 83 c4 08 8b
0x0000000116f8d148:   c8 8b 04 24 48 83 c4 08 81 f8 00 00 00 80 0f 85
0x0000000116f8d158:   0b 00 00 00 33 d2 83 f9 ff 0f 84 03 00 00 00 99
0x0000000116f8d168:   f7 f9 41 0f b6 5d 01 49 ff c5 49 ba c0 38 43 0d
0x0000000116f8d178:   01 00 00 00 41 ff 24 da 80 00 00 00 00 00 00 00
0x0000000116f8d188:   93 90 27 0d 01 00 00 00 6d 00 00 00 00 00 00 00
0x0000000116f8d198:   00 00 00 00 00 00 00 00 48 8b 04 24 48 83 c4 10
0x0000000116f8d1a8:   48 8b c8 48 8b 04 24 48 83 c4 10 48 85 c9 0f 84
0x0000000116f8d1b8:   73 9a ff ff 48 3b 05 8d 6b 36 f6 0f 85 0c 00 00
0x0000000116f8d1c8:   00 33 d2 48 83 f9 ff 0f 84 05 00 00 00 48 99 48
0x0000000116f8d1d8:   f7 f9 41 0f b6 5d 01 49 ff c5 49 ba c0 40 43 0d
0x0000000116f8d1e8:   01 00 00 00 41 ff 24 da 00 00 00 00 00 00 00 00
0x0000000116f8d1f8:   00 00 00 00 00 00 00 00 60 00 00 00 00 00 00 00
0x0000000116f8d208:   98 90 27 0d 01 00 00 00 6e 00 00 00 00 00 00 00
0x0000000116f8d218:   00 00 00 00 00 00 00 00 f3 0f 10 04 24 48 83 c4
0x0000000116f8d228:   08 0f 28 c8 f3 0f 10 04 24 48 83 c4 08 f3 0f 5e
0x0000000116f8d238:   c1 41 0f b6 5d 01 49 ff c5 49 ba c0 48 43 0d 01
0x0000000116f8d248:   00 00 00 41 ff 24 da 90 00 00 00 00 00 00 00 00
0x0000000116f8d258:   00 00 00 00 00 00 00 00 60 00 00 00 00 00 00 00 


Stack slot to memory mapping:
stack at sp + 0 slots: 0x0000000304824b30 is pointing into the stack for thread: 0x00007fbb2a80ee00
stack at sp + 1 slots: 0x0000000131cdf758 is pointing into metadata
stack at sp + 2 slots: 0x0000000304824b98 is pointing into the stack for thread: 0x00007fbb2a80ee00
stack at sp + 3 slots: 0x0000000131cdfc38 is pointing into metadata
stack at sp + 4 slots: 0x0 is NULL
stack at sp + 5 slots: 0x000000070fdaa9b8 is an oop: java.lang.Class 
{0x000000070fdaa9b8} - klass: 'java/lang/Class'
stack at sp + 6 slots: {method} {0x0000000131cdf7b0} 'addValue' '(I)V' in 'simpledb/IntHistogram'
stack at sp + 7 slots: 0x0 is NULL

idiv  108 idiv  [0x0000000116f8d140, 0x0000000116f8d180]  64 bytes
[MachCode]
  0x0000000116f8d140: 8b04 2448 | 83c4 088b | c88b 0424 | 4883 c408 | 81f8 0000 | 0080 0f85 | 0b00 0000 | 33d2 83f9 
  0x0000000116f8d160: ff0f 8403 | 0000 0099 | f7f9 410f | b65d 0149 | ffc5 49ba | c038 430d | 0100 0000 | 41ff 24da 
[/MachCode]

---------------  P R O C E S S  ---------------

Threads class SMR info:
_java_thread_list=0x00007fbb29c378d0, length=11, elements={
0x00007fbb2a80ee00, 0x00007fbb2a90a800, 0x00007fbb2a90d000, 0x00007fbb2a90f600,
0x00007fbb2a00e000, 0x00007fbb2a913200, 0x00007fbb2a00e600, 0x00007fbb2a018c00,
0x00007fbb2a913800, 0x00007fbb2a912000, 0x00007fbb2a08f000
}

Java Threads: ( => current thread )
=>0x00007fbb2a80ee00 JavaThread "main" [_thread_in_Java, id=8195, stack(0x0000000304726000,0x0000000304826000)]
  0x00007fbb2a90a800 JavaThread "Reference Handler" daemon [_thread_blocked, id=16387, stack(0x0000000304e3b000,0x0000000304f3b000)]
  0x00007fbb2a90d000 JavaThread "Finalizer" daemon [_thread_blocked, id=42755, stack(0x0000000304f3e000,0x000000030503e000)]
  0x00007fbb2a90f600 JavaThread "Signal Dispatcher" daemon [_thread_blocked, id=40451, stack(0x000000030514f000,0x000000030524f000)]
  0x00007fbb2a00e000 JavaThread "Service Thread" daemon [_thread_blocked, id=25347, stack(0x0000000305252000,0x0000000305352000)]
  0x00007fbb2a913200 JavaThread "C2 CompilerThread0" daemon [_thread_blocked, id=39171, stack(0x0000000305355000,0x0000000305455000)]
  0x00007fbb2a00e600 JavaThread "C1 CompilerThread0" daemon [_thread_blocked, id=26115, stack(0x0000000305458000,0x0000000305558000)]
  0x00007fbb2a018c00 JavaThread "Sweeper thread" daemon [_thread_blocked, id=26883, stack(0x000000030555b000,0x000000030565b000)]
  0x00007fbb2a913800 JavaThread "Common-Cleaner" daemon [_thread_blocked, id=37379, stack(0x000000030565e000,0x000000030575e000)]
  0x00007fbb2a912000 JavaThread "Monitor Ctrl-Break" daemon [_thread_in_native, id=28675, stack(0x0000000305761000,0x0000000305861000)]
  0x00007fbb2a08f000 JavaThread "Notification Thread" daemon [_thread_blocked, id=29443, stack(0x0000000305864000,0x0000000305964000)]

Other Threads:
  0x00007fbb29d40780 VMThread "VM Thread" [stack: 0x0000000304d38000,0x0000000304e38000] [id=17411]
  0x00007fbb19f0a290 WatcherThread [stack: 0x0000000305967000,0x0000000305a67000] [id=29699]
  0x00007fbb29d14b40 GCTaskThread "GC Thread#0" [stack: 0x0000000304829000,0x0000000304929000] [id=19203]
  0x00007fbb29d15d10 ConcurrentGCThread "G1 Main Marker" [stack: 0x000000030492c000,0x0000000304a2c000] [id=18947]
  0x00007fbb29d16e10 ConcurrentGCThread "G1 Conc#0" [stack: 0x0000000304a2f000,0x0000000304b2f000] [id=15619]
  0x00007fbb29d33a50 ConcurrentGCThread "G1 Refine#0" [stack: 0x0000000304b32000,0x0000000304c32000] [id=18179]
  0x00007fbb29d34b00 ConcurrentGCThread "G1 Young RemSet Sampling" [stack: 0x0000000304c35000,0x0000000304d35000] [id=17667]

Threads with active compile tasks:

VM state: not at safepoint (normal execution)

VM Mutex/Monitor currently owned by a thread: None

Heap address: 0x0000000700000000, size: 4096 MB, Compressed Oops mode: Zero based, Oop shift amount: 3
CDS archive(s) mapped at: [0x0000000800000000-0x0000000800b2c000-0x0000000800b2c000), size 11714560, SharedBaseAddress: 0x0000000800000000, ArchiveRelocationMode: 0.
Compressed class space mapped at: 0x0000000800b2c000-0x0000000840b2c000, size: 1073741824
Narrow klass base: 0x0000000800000000, Narrow klass shift: 3, Narrow klass range: 0x100000000

GC Precious Log:
 CPUs: 8 total, 8 available
 Memory: 16384M
 Large Page Support: Disabled
 NUMA Support: Disabled
 Compressed Oops: Enabled (Zero based)
 Heap Region Size: 2M
 Heap Min Capacity: 8M
 Heap Initial Capacity: 256M
 Heap Max Capacity: 4G
 Pre-touch: Disabled
 Parallel Workers: 8
 Concurrent Workers: 2
 Concurrent Refinement Workers: 8
 Periodic GC: Disabled

Heap:
 garbage-first heap   total 266240K, used 3880K [0x0000000700000000, 0x0000000800000000)
  region size 2048K, 2 young (4096K), 0 survivors (0K)
 Metaspace       used 1716K, capacity 4900K, committed 5120K, reserved 1056768K
  class space    used 193K, capacity 460K, committed 512K, reserved 1048576K

Heap Regions: E=young(eden), S=young(survivor), O=old, HS=humongous(starts), HC=humongous(continues), CS=collection set, F=free, OA=open archive, CA=closed archive, TAMS=top-at-mark-start (previous, next)
|   0|0x0000000700000000, 0x0000000700000000, 0x0000000700200000|  0%| F|  |TAMS 0x0000000700000000, 0x0000000700000000| Untracked 
|   1|0x0000000700200000, 0x0000000700200000, 0x0000000700400000|  0%| F|  |TAMS 0x0000000700200000, 0x0000000700200000| Untracked 
|   2|0x0000000700400000, 0x0000000700400000, 0x0000000700600000|  0%| F|  |TAMS 0x0000000700400000, 0x0000000700400000| Untracked 
|   3|0x0000000700600000, 0x0000000700600000, 0x0000000700800000|  0%| F|  |TAMS 0x0000000700600000, 0x0000000700600000| Untracked 
|   4|0x0000000700800000, 0x0000000700800000, 0x0000000700a00000|  0%| F|  |TAMS 0x0000000700800000, 0x0000000700800000| Untracked 
|   5|0x0000000700a00000, 0x0000000700a00000, 0x0000000700c00000|  0%| F|  |TAMS 0x0000000700a00000, 0x0000000700a00000| Untracked 
|   6|0x0000000700c00000, 0x0000000700c00000, 0x0000000700e00000|  0%| F|  |TAMS 0x0000000700c00000, 0x0000000700c00000| Untracked 
|   7|0x0000000700e00000, 0x0000000700e00000, 0x0000000701000000|  0%| F|  |TAMS 0x0000000700e00000, 0x0000000700e00000| Untracked 
|   8|0x0000000701000000, 0x0000000701000000, 0x0000000701200000|  0%| F|  |TAMS 0x0000000701000000, 0x0000000701000000| Untracked 
|   9|0x0000000701200000, 0x0000000701200000, 0x0000000701400000|  0%| F|  |TAMS 0x0000000701200000, 0x0000000701200000| Untracked 
|  10|0x0000000701400000, 0x0000000701400000, 0x0000000701600000|  0%| F|  |TAMS 0x0000000701400000, 0x0000000701400000| Untracked 
|  11|0x0000000701600000, 0x0000000701600000, 0x0000000701800000|  0%| F|  |TAMS 0x0000000701600000, 0x0000000701600000| Untracked 
|  12|0x0000000701800000, 0x0000000701800000, 0x0000000701a00000|  0%| F|  |TAMS 0x0000000701800000, 0x0000000701800000| Untracked 
|  13|0x0000000701a00000, 0x0000000701a00000, 0x0000000701c00000|  0%| F|  |TAMS 0x0000000701a00000, 0x0000000701a00000| Untracked 
|  14|0x0000000701c00000, 0x0000000701c00000, 0x0000000701e00000|  0%| F|  |TAMS 0x0000000701c00000, 0x0000000701c00000| Untracked 
|  15|0x0000000701e00000, 0x0000000701e00000, 0x0000000702000000|  0%| F|  |TAMS 0x0000000701e00000, 0x0000000701e00000| Untracked 
|  16|0x0000000702000000, 0x0000000702000000, 0x0000000702200000|  0%| F|  |TAMS 0x0000000702000000, 0x0000000702000000| Untracked 
|  17|0x0000000702200000, 0x0000000702200000, 0x0000000702400000|  0%| F|  |TAMS 0x0000000702200000, 0x0000000702200000| Untracked 
|  18|0x0000000702400000, 0x0000000702400000, 0x0000000702600000|  0%| F|  |TAMS 0x0000000702400000, 0x0000000702400000| Untracked 
|  19|0x0000000702600000, 0x0000000702600000, 0x0000000702800000|  0%| F|  |TAMS 0x0000000702600000, 0x0000000702600000| Untracked 
|  20|0x0000000702800000, 0x0000000702800000, 0x0000000702a00000|  0%| F|  |TAMS 0x0000000702800000, 0x0000000702800000| Untracked 
|  21|0x0000000702a00000, 0x0000000702a00000, 0x0000000702c00000|  0%| F|  |TAMS 0x0000000702a00000, 0x0000000702a00000| Untracked 
|  22|0x0000000702c00000, 0x0000000702c00000, 0x0000000702e00000|  0%| F|  |TAMS 0x0000000702c00000, 0x0000000702c00000| Untracked 
|  23|0x0000000702e00000, 0x0000000702e00000, 0x0000000703000000|  0%| F|  |TAMS 0x0000000702e00000, 0x0000000702e00000| Untracked 
|  24|0x0000000703000000, 0x0000000703000000, 0x0000000703200000|  0%| F|  |TAMS 0x0000000703000000, 0x0000000703000000| Untracked 
|  25|0x0000000703200000, 0x0000000703200000, 0x0000000703400000|  0%| F|  |TAMS 0x0000000703200000, 0x0000000703200000| Untracked 
|  26|0x0000000703400000, 0x0000000703400000, 0x0000000703600000|  0%| F|  |TAMS 0x0000000703400000, 0x0000000703400000| Untracked 
|  27|0x0000000703600000, 0x0000000703600000, 0x0000000703800000|  0%| F|  |TAMS 0x0000000703600000, 0x0000000703600000| Untracked 
|  28|0x0000000703800000, 0x0000000703800000, 0x0000000703a00000|  0%| F|  |TAMS 0x0000000703800000, 0x0000000703800000| Untracked 
|  29|0x0000000703a00000, 0x0000000703a00000, 0x0000000703c00000|  0%| F|  |TAMS 0x0000000703a00000, 0x0000000703a00000| Untracked 
|  30|0x0000000703c00000, 0x0000000703c00000, 0x0000000703e00000|  0%| F|  |TAMS 0x0000000703c00000, 0x0000000703c00000| Untracked 
|  31|0x0000000703e00000, 0x0000000703e00000, 0x0000000704000000|  0%| F|  |TAMS 0x0000000703e00000, 0x0000000703e00000| Untracked 
|  32|0x0000000704000000, 0x0000000704000000, 0x0000000704200000|  0%| F|  |TAMS 0x0000000704000000, 0x0000000704000000| Untracked 
|  33|0x0000000704200000, 0x0000000704200000, 0x0000000704400000|  0%| F|  |TAMS 0x0000000704200000, 0x0000000704200000| Untracked 
|  34|0x0000000704400000, 0x0000000704400000, 0x0000000704600000|  0%| F|  |TAMS 0x0000000704400000, 0x0000000704400000| Untracked 
|  35|0x0000000704600000, 0x0000000704600000, 0x0000000704800000|  0%| F|  |TAMS 0x0000000704600000, 0x0000000704600000| Untracked 
|  36|0x0000000704800000, 0x0000000704800000, 0x0000000704a00000|  0%| F|  |TAMS 0x0000000704800000, 0x0000000704800000| Untracked 
|  37|0x0000000704a00000, 0x0000000704a00000, 0x0000000704c00000|  0%| F|  |TAMS 0x0000000704a00000, 0x0000000704a00000| Untracked 
|  38|0x0000000704c00000, 0x0000000704c00000, 0x0000000704e00000|  0%| F|  |TAMS 0x0000000704c00000, 0x0000000704c00000| Untracked 
|  39|0x0000000704e00000, 0x0000000704e00000, 0x0000000705000000|  0%| F|  |TAMS 0x0000000704e00000, 0x0000000704e00000| Untracked 
|  40|0x0000000705000000, 0x0000000705000000, 0x0000000705200000|  0%| F|  |TAMS 0x0000000705000000, 0x0000000705000000| Untracked 
|  41|0x0000000705200000, 0x0000000705200000, 0x0000000705400000|  0%| F|  |TAMS 0x0000000705200000, 0x0000000705200000| Untracked 
|  42|0x0000000705400000, 0x0000000705400000, 0x0000000705600000|  0%| F|  |TAMS 0x0000000705400000, 0x0000000705400000| Untracked 
|  43|0x0000000705600000, 0x0000000705600000, 0x0000000705800000|  0%| F|  |TAMS 0x0000000705600000, 0x0000000705600000| Untracked 
|  44|0x0000000705800000, 0x0000000705800000, 0x0000000705a00000|  0%| F|  |TAMS 0x0000000705800000, 0x0000000705800000| Untracked 
|  45|0x0000000705a00000, 0x0000000705a00000, 0x0000000705c00000|  0%| F|  |TAMS 0x0000000705a00000, 0x0000000705a00000| Untracked 
|  46|0x0000000705c00000, 0x0000000705c00000, 0x0000000705e00000|  0%| F|  |TAMS 0x0000000705c00000, 0x0000000705c00000| Untracked 
|  47|0x0000000705e00000, 0x0000000705e00000, 0x0000000706000000|  0%| F|  |TAMS 0x0000000705e00000, 0x0000000705e00000| Untracked 
|  48|0x0000000706000000, 0x0000000706000000, 0x0000000706200000|  0%| F|  |TAMS 0x0000000706000000, 0x0000000706000000| Untracked 
|  49|0x0000000706200000, 0x0000000706200000, 0x0000000706400000|  0%| F|  |TAMS 0x0000000706200000, 0x0000000706200000| Untracked 
|  50|0x0000000706400000, 0x0000000706400000, 0x0000000706600000|  0%| F|  |TAMS 0x0000000706400000, 0x0000000706400000| Untracked 
|  51|0x0000000706600000, 0x0000000706600000, 0x0000000706800000|  0%| F|  |TAMS 0x0000000706600000, 0x0000000706600000| Untracked 
|  52|0x0000000706800000, 0x0000000706800000, 0x0000000706a00000|  0%| F|  |TAMS 0x0000000706800000, 0x0000000706800000| Untracked 
|  53|0x0000000706a00000, 0x0000000706a00000, 0x0000000706c00000|  0%| F|  |TAMS 0x0000000706a00000, 0x0000000706a00000| Untracked 
|  54|0x0000000706c00000, 0x0000000706c00000, 0x0000000706e00000|  0%| F|  |TAMS 0x0000000706c00000, 0x0000000706c00000| Untracked 
|  55|0x0000000706e00000, 0x0000000706e00000, 0x0000000707000000|  0%| F|  |TAMS 0x0000000706e00000, 0x0000000706e00000| Untracked 
|  56|0x0000000707000000, 0x0000000707000000, 0x0000000707200000|  0%| F|  |TAMS 0x0000000707000000, 0x0000000707000000| Untracked 
|  57|0x0000000707200000, 0x0000000707200000, 0x0000000707400000|  0%| F|  |TAMS 0x0000000707200000, 0x0000000707200000| Untracked 
|  58|0x0000000707400000, 0x0000000707400000, 0x0000000707600000|  0%| F|  |TAMS 0x0000000707400000, 0x0000000707400000| Untracked 
|  59|0x0000000707600000, 0x0000000707600000, 0x0000000707800000|  0%| F|  |TAMS 0x0000000707600000, 0x0000000707600000| Untracked 
|  60|0x0000000707800000, 0x0000000707800000, 0x0000000707a00000|  0%| F|  |TAMS 0x0000000707800000, 0x0000000707800000| Untracked 
|  61|0x0000000707a00000, 0x0000000707a00000, 0x0000000707c00000|  0%| F|  |TAMS 0x0000000707a00000, 0x0000000707a00000| Untracked 
|  62|0x0000000707c00000, 0x0000000707c00000, 0x0000000707e00000|  0%| F|  |TAMS 0x0000000707c00000, 0x0000000707c00000| Untracked 
|  63|0x0000000707e00000, 0x0000000707e00000, 0x0000000708000000|  0%| F|  |TAMS 0x0000000707e00000, 0x0000000707e00000| Untracked 
|  64|0x0000000708000000, 0x0000000708000000, 0x0000000708200000|  0%| F|  |TAMS 0x0000000708000000, 0x0000000708000000| Untracked 
|  65|0x0000000708200000, 0x0000000708200000, 0x0000000708400000|  0%| F|  |TAMS 0x0000000708200000, 0x0000000708200000| Untracked 
|  66|0x0000000708400000, 0x0000000708400000, 0x0000000708600000|  0%| F|  |TAMS 0x0000000708400000, 0x0000000708400000| Untracked 
|  67|0x0000000708600000, 0x0000000708600000, 0x0000000708800000|  0%| F|  |TAMS 0x0000000708600000, 0x0000000708600000| Untracked 
|  68|0x0000000708800000, 0x0000000708800000, 0x0000000708a00000|  0%| F|  |TAMS 0x0000000708800000, 0x0000000708800000| Untracked 
|  69|0x0000000708a00000, 0x0000000708a00000, 0x0000000708c00000|  0%| F|  |TAMS 0x0000000708a00000, 0x0000000708a00000| Untracked 
|  70|0x0000000708c00000, 0x0000000708c00000, 0x0000000708e00000|  0%| F|  |TAMS 0x0000000708c00000, 0x0000000708c00000| Untracked 
|  71|0x0000000708e00000, 0x0000000708e00000, 0x0000000709000000|  0%| F|  |TAMS 0x0000000708e00000, 0x0000000708e00000| Untracked 
|  72|0x0000000709000000, 0x0000000709000000, 0x0000000709200000|  0%| F|  |TAMS 0x0000000709000000, 0x0000000709000000| Untracked 
|  73|0x0000000709200000, 0x0000000709200000, 0x0000000709400000|  0%| F|  |TAMS 0x0000000709200000, 0x0000000709200000| Untracked 
|  74|0x0000000709400000, 0x0000000709400000, 0x0000000709600000|  0%| F|  |TAMS 0x0000000709400000, 0x0000000709400000| Untracked 
|  75|0x0000000709600000, 0x0000000709600000, 0x0000000709800000|  0%| F|  |TAMS 0x0000000709600000, 0x0000000709600000| Untracked 
|  76|0x0000000709800000, 0x0000000709800000, 0x0000000709a00000|  0%| F|  |TAMS 0x0000000709800000, 0x0000000709800000| Untracked 
|  77|0x0000000709a00000, 0x0000000709a00000, 0x0000000709c00000|  0%| F|  |TAMS 0x0000000709a00000, 0x0000000709a00000| Untracked 
|  78|0x0000000709c00000, 0x0000000709c00000, 0x0000000709e00000|  0%| F|  |TAMS 0x0000000709c00000, 0x0000000709c00000| Untracked 
|  79|0x0000000709e00000, 0x0000000709e00000, 0x000000070a000000|  0%| F|  |TAMS 0x0000000709e00000, 0x0000000709e00000| Untracked 
|  80|0x000000070a000000, 0x000000070a000000, 0x000000070a200000|  0%| F|  |TAMS 0x000000070a000000, 0x000000070a000000| Untracked 
|  81|0x000000070a200000, 0x000000070a200000, 0x000000070a400000|  0%| F|  |TAMS 0x000000070a200000, 0x000000070a200000| Untracked 
|  82|0x000000070a400000, 0x000000070a400000, 0x000000070a600000|  0%| F|  |TAMS 0x000000070a400000, 0x000000070a400000| Untracked 
|  83|0x000000070a600000, 0x000000070a600000, 0x000000070a800000|  0%| F|  |TAMS 0x000000070a600000, 0x000000070a600000| Untracked 
|  84|0x000000070a800000, 0x000000070a800000, 0x000000070aa00000|  0%| F|  |TAMS 0x000000070a800000, 0x000000070a800000| Untracked 
|  85|0x000000070aa00000, 0x000000070aa00000, 0x000000070ac00000|  0%| F|  |TAMS 0x000000070aa00000, 0x000000070aa00000| Untracked 
|  86|0x000000070ac00000, 0x000000070ac00000, 0x000000070ae00000|  0%| F|  |TAMS 0x000000070ac00000, 0x000000070ac00000| Untracked 
|  87|0x000000070ae00000, 0x000000070ae00000, 0x000000070b000000|  0%| F|  |TAMS 0x000000070ae00000, 0x000000070ae00000| Untracked 
|  88|0x000000070b000000, 0x000000070b000000, 0x000000070b200000|  0%| F|  |TAMS 0x000000070b000000, 0x000000070b000000| Untracked 
|  89|0x000000070b200000, 0x000000070b200000, 0x000000070b400000|  0%| F|  |TAMS 0x000000070b200000, 0x000000070b200000| Untracked 
|  90|0x000000070b400000, 0x000000070b400000, 0x000000070b600000|  0%| F|  |TAMS 0x000000070b400000, 0x000000070b400000| Untracked 
|  91|0x000000070b600000, 0x000000070b600000, 0x000000070b800000|  0%| F|  |TAMS 0x000000070b600000, 0x000000070b600000| Untracked 
|  92|0x000000070b800000, 0x000000070b800000, 0x000000070ba00000|  0%| F|  |TAMS 0x000000070b800000, 0x000000070b800000| Untracked 
|  93|0x000000070ba00000, 0x000000070ba00000, 0x000000070bc00000|  0%| F|  |TAMS 0x000000070ba00000, 0x000000070ba00000| Untracked 
|  94|0x000000070bc00000, 0x000000070bc00000, 0x000000070be00000|  0%| F|  |TAMS 0x000000070bc00000, 0x000000070bc00000| Untracked 
|  95|0x000000070be00000, 0x000000070be00000, 0x000000070c000000|  0%| F|  |TAMS 0x000000070be00000, 0x000000070be00000| Untracked 
|  96|0x000000070c000000, 0x000000070c000000, 0x000000070c200000|  0%| F|  |TAMS 0x000000070c000000, 0x000000070c000000| Untracked 
|  97|0x000000070c200000, 0x000000070c200000, 0x000000070c400000|  0%| F|  |TAMS 0x000000070c200000, 0x000000070c200000| Untracked 
|  98|0x000000070c400000, 0x000000070c400000, 0x000000070c600000|  0%| F|  |TAMS 0x000000070c400000, 0x000000070c400000| Untracked 
|  99|0x000000070c600000, 0x000000070c600000, 0x000000070c800000|  0%| F|  |TAMS 0x000000070c600000, 0x000000070c600000| Untracked 
| 100|0x000000070c800000, 0x000000070c800000, 0x000000070ca00000|  0%| F|  |TAMS 0x000000070c800000, 0x000000070c800000| Untracked 
| 101|0x000000070ca00000, 0x000000070ca00000, 0x000000070cc00000|  0%| F|  |TAMS 0x000000070ca00000, 0x000000070ca00000| Untracked 
| 102|0x000000070cc00000, 0x000000070cc00000, 0x000000070ce00000|  0%| F|  |TAMS 0x000000070cc00000, 0x000000070cc00000| Untracked 
| 103|0x000000070ce00000, 0x000000070ce00000, 0x000000070d000000|  0%| F|  |TAMS 0x000000070ce00000, 0x000000070ce00000| Untracked 
| 104|0x000000070d000000, 0x000000070d000000, 0x000000070d200000|  0%| F|  |TAMS 0x000000070d000000, 0x000000070d000000| Untracked 
| 105|0x000000070d200000, 0x000000070d200000, 0x000000070d400000|  0%| F|  |TAMS 0x000000070d200000, 0x000000070d200000| Untracked 
| 106|0x000000070d400000, 0x000000070d400000, 0x000000070d600000|  0%| F|  |TAMS 0x000000070d400000, 0x000000070d400000| Untracked 
| 107|0x000000070d600000, 0x000000070d600000, 0x000000070d800000|  0%| F|  |TAMS 0x000000070d600000, 0x000000070d600000| Untracked 
| 108|0x000000070d800000, 0x000000070d800000, 0x000000070da00000|  0%| F|  |TAMS 0x000000070d800000, 0x000000070d800000| Untracked 
| 109|0x000000070da00000, 0x000000070da00000, 0x000000070dc00000|  0%| F|  |TAMS 0x000000070da00000, 0x000000070da00000| Untracked 
| 110|0x000000070dc00000, 0x000000070dc00000, 0x000000070de00000|  0%| F|  |TAMS 0x000000070dc00000, 0x000000070dc00000| Untracked 
| 111|0x000000070de00000, 0x000000070de00000, 0x000000070e000000|  0%| F|  |TAMS 0x000000070de00000, 0x000000070de00000| Untracked 
| 112|0x000000070e000000, 0x000000070e000000, 0x000000070e200000|  0%| F|  |TAMS 0x000000070e000000, 0x000000070e000000| Untracked 
| 113|0x000000070e200000, 0x000000070e200000, 0x000000070e400000|  0%| F|  |TAMS 0x000000070e200000, 0x000000070e200000| Untracked 
| 114|0x000000070e400000, 0x000000070e400000, 0x000000070e600000|  0%| F|  |TAMS 0x000000070e400000, 0x000000070e400000| Untracked 
| 115|0x000000070e600000, 0x000000070e600000, 0x000000070e800000|  0%| F|  |TAMS 0x000000070e600000, 0x000000070e600000| Untracked 
| 116|0x000000070e800000, 0x000000070e800000, 0x000000070ea00000|  0%| F|  |TAMS 0x000000070e800000, 0x000000070e800000| Untracked 
| 117|0x000000070ea00000, 0x000000070ea00000, 0x000000070ec00000|  0%| F|  |TAMS 0x000000070ea00000, 0x000000070ea00000| Untracked 
| 118|0x000000070ec00000, 0x000000070ec00000, 0x000000070ee00000|  0%| F|  |TAMS 0x000000070ec00000, 0x000000070ec00000| Untracked 
| 119|0x000000070ee00000, 0x000000070ee00000, 0x000000070f000000|  0%| F|  |TAMS 0x000000070ee00000, 0x000000070ee00000| Untracked 
| 120|0x000000070f000000, 0x000000070f000000, 0x000000070f200000|  0%| F|  |TAMS 0x000000070f000000, 0x000000070f000000| Untracked 
| 121|0x000000070f200000, 0x000000070f200000, 0x000000070f400000|  0%| F|  |TAMS 0x000000070f200000, 0x000000070f200000| Untracked 
| 122|0x000000070f400000, 0x000000070f400000, 0x000000070f600000|  0%| F|  |TAMS 0x000000070f400000, 0x000000070f400000| Untracked 
| 123|0x000000070f600000, 0x000000070f600000, 0x000000070f800000|  0%| F|  |TAMS 0x000000070f600000, 0x000000070f600000| Untracked 
| 124|0x000000070f800000, 0x000000070f800000, 0x000000070fa00000|  0%| F|  |TAMS 0x000000070f800000, 0x000000070f800000| Untracked 
| 125|0x000000070fa00000, 0x000000070fa00000, 0x000000070fc00000|  0%| F|  |TAMS 0x000000070fa00000, 0x000000070fa00000| Untracked 
| 126|0x000000070fc00000, 0x000000070fdc4130, 0x000000070fe00000| 88%| E|  |TAMS 0x000000070fc00000, 0x000000070fc00000| Complete 
| 127|0x000000070fe00000, 0x0000000710000000, 0x0000000710000000|100%| E|CS|TAMS 0x000000070fe00000, 0x000000070fe00000| Complete 
|1534|0x00000007bfc00000, 0x00000007bfd51000, 0x00000007bfe00000| 65%|OA|  |TAMS 0x00000007bfc00000, 0x00000007bfc00000| Untracked 
|1535|0x00000007bfe00000, 0x00000007bfe79000, 0x00000007c0000000| 23%|CA|  |TAMS 0x00000007bfe00000, 0x00000007bfe00000| Untracked 

Card table byte_map: [0x0000000126864000,0x0000000127064000] _byte_map_base: 0x0000000123064000

Marking Bits (Prev, Next): (CMBitMap*) 0x00007fbb2a831610, (CMBitMap*) 0x00007fbb2a831650
 Prev Bits: [0x0000000127864000, 0x000000012b864000)
 Next Bits: [0x000000012b864000, 0x000000012f864000)

Polling page: 0x000000010022f000

Metaspace:

Usage:
  Non-class:      4.34 MB capacity,     1.49 MB ( 34%) used,     2.85 MB ( 66%) free+waste,     1.12 KB ( <1%) overhead. 
      Class:    460.00 KB capacity,   193.95 KB ( 42%) used,   265.37 KB ( 58%) free+waste,   704 bytes ( <1%) overhead. 
       Both:      4.79 MB capacity,     1.68 MB ( 35%) used,     3.11 MB ( 65%) free+waste,     1.81 KB ( <1%) overhead. 

Virtual space:
  Non-class space:        8.00 MB reserved,       4.50 MB ( 56%) committed 
      Class space:        1.00 GB reserved,     512.00 KB ( <1%) committed 
             Both:        1.01 GB reserved,       5.00 MB ( <1%) committed 

Chunk freelists:
   Non-Class:  24.00 KB
       Class:  4.00 KB
        Both:  28.00 KB

MaxMetaspaceSize: 17179869184.00 GB
CompressedClassSpaceSize: 1.00 GB

CodeHeap 'non-profiled nmethods': size=120028Kb used=115Kb max_used=115Kb free=119912Kb
 bounds [0x000000011ea42000, 0x000000011ecb2000, 0x0000000125f79000]
CodeHeap 'profiled nmethods': size=120028Kb used=603Kb max_used=603Kb free=119424Kb
 bounds [0x000000011750b000, 0x000000011777b000, 0x000000011ea42000]
CodeHeap 'non-nmethods': size=5704Kb used=1127Kb max_used=1142Kb free=4577Kb
 bounds [0x0000000116f79000, 0x00000001171e9000, 0x000000011750b000]
 total_blobs=786 nmethods=408 adapters=293
 compilation: enabled
              stopped_count=0, restarted_count=0
 full_count=0

Compilation events (20 events):
Event: 0.339 Thread 0x00007fbb2a00e600  401       3       java.util.ArrayList::iterator (9 bytes)
Event: 0.340 Thread 0x00007fbb2a00e600 nmethod 401 0x000000011759f690 code [0x000000011759f840, 0x000000011759fad0]
Event: 0.340 Thread 0x00007fbb2a00e600  402       3       java.util.regex.Pattern$BmpCharPropertyGreedy::match (89 bytes)
Event: 0.340 Thread 0x00007fbb2a00e600 nmethod 402 0x000000011759fc10 code [0x000000011759fe00, 0x00000001175a0440]
Event: 0.340 Thread 0x00007fbb2a00e600  400       1       java.lang.String::value (5 bytes)
Event: 0.341 Thread 0x00007fbb2a00e600 nmethod 400 0x000000011ea5e590 code [0x000000011ea5e720, 0x000000011ea5e7d0]
Event: 0.341 Thread 0x00007fbb2a00e600  403       1       java.util.Formatter$FormatSpecifier::index (5 bytes)
Event: 0.341 Thread 0x00007fbb2a00e600 nmethod 403 0x000000011ea5e890 code [0x000000011ea5ea20, 0x000000011ea5ead0]
Event: 0.341 Thread 0x00007fbb2a00e600  404       1       java.util.Formatter$FixedString::index (3 bytes)
Event: 0.341 Thread 0x00007fbb2a00e600 nmethod 404 0x000000011ea5eb90 code [0x000000011ea5ed20, 0x000000011ea5edd0]
Event: 0.341 Thread 0x00007fbb2a00e600  405       3       java.util.AbstractList::<init> (10 bytes)
Event: 0.341 Thread 0x00007fbb2a00e600 nmethod 405 0x00000001175a0610 code [0x00000001175a07a0, 0x00000001175a0950]
Event: 0.342 Thread 0x00007fbb2a00e600  406       3       jdk.internal.ref.CleanerImpl::getCleanerImpl (13 bytes)
Event: 0.342 Thread 0x00007fbb2a00e600 nmethod 406 0x00000001175a0a10 code [0x00000001175a0bc0, 0x00000001175a0e80]
Event: 0.342 Thread 0x00007fbb2a00e600  407       3       java.lang.ref.Cleaner$1::apply (9 bytes)
Event: 0.342 Thread 0x00007fbb2a00e600 nmethod 407 0x00000001175a0f90 code [0x00000001175a1140, 0x00000001175a13b0]
Event: 0.342 Thread 0x00007fbb2a00e600  408       3       java.util.regex.Pattern::next (33 bytes)
Event: 0.343 Thread 0x00007fbb2a00e600 nmethod 408 0x00000001175a1490 code [0x00000001175a1640, 0x00000001175a18a0]
Event: 0.344 Thread 0x00007fbb2a00e600  409       3       java.util.LinkedHashMap::get (29 bytes)
Event: 0.344 Thread 0x00007fbb2a00e600 nmethod 409 0x00000001175a1a10 code [0x00000001175a1bc0, 0x00000001175a1dd0]

GC Heap History (0 events):
No events

Deoptimization events (20 events):
Event: 0.272 Thread 0x00007fbb2a80ee00 DEOPT PACKING pc=0x000000011ea4e664 sp=0x0000000304824e80
Event: 0.272 Thread 0x00007fbb2a80ee00 DEOPT UNPACKING pc=0x0000000116fc6e1f sp=0x0000000304824e10 mode 2
Event: 0.289 Thread 0x00007fbb2a80ee00 DEOPT PACKING pc=0x0000000117545ee8 sp=0x0000000304824450
Event: 0.290 Thread 0x00007fbb2a80ee00 DEOPT UNPACKING pc=0x0000000116fc6c1c sp=0x00000003048238e8 mode 0
Event: 0.312 Thread 0x00007fbb2a80ee00 Uncommon trap: trap_request=0xffffffbe fr.pc=0x000000011ea592a0 relative=0x0000000000000400
Event: 0.312 Thread 0x00007fbb2a80ee00 Uncommon trap: reason=profile_predicate action=maybe_recompile pc=0x000000011ea592a0 method=java.lang.StringLatin1.indexOf([BI[BII)I @ 18 c2
Event: 0.312 Thread 0x00007fbb2a80ee00 DEOPT PACKING pc=0x000000011ea592a0 sp=0x0000000304825440
Event: 0.312 Thread 0x00007fbb2a80ee00 DEOPT UNPACKING pc=0x0000000116fc6e1f sp=0x00000003048253c0 mode 2
Event: 0.314 Thread 0x00007fbb2a80ee00 Uncommon trap: trap_request=0xffffffbe fr.pc=0x000000011ea592a0 relative=0x0000000000000400
Event: 0.314 Thread 0x00007fbb2a80ee00 Uncommon trap: reason=profile_predicate action=maybe_recompile pc=0x000000011ea592a0 method=java.lang.StringLatin1.indexOf([BI[BII)I @ 18 c2
Event: 0.314 Thread 0x00007fbb2a80ee00 DEOPT PACKING pc=0x000000011ea592a0 sp=0x00000003048254f0
Event: 0.314 Thread 0x00007fbb2a80ee00 DEOPT UNPACKING pc=0x0000000116fc6e1f sp=0x0000000304825470 mode 2
Event: 0.316 Thread 0x00007fbb2a80ee00 Uncommon trap: trap_request=0xffffffbe fr.pc=0x000000011ea592a0 relative=0x0000000000000400
Event: 0.316 Thread 0x00007fbb2a80ee00 Uncommon trap: reason=profile_predicate action=maybe_recompile pc=0x000000011ea592a0 method=java.lang.StringLatin1.indexOf([BI[BII)I @ 18 c2
Event: 0.316 Thread 0x00007fbb2a80ee00 DEOPT PACKING pc=0x000000011ea592a0 sp=0x0000000304825440
Event: 0.316 Thread 0x00007fbb2a80ee00 DEOPT UNPACKING pc=0x0000000116fc6e1f sp=0x00000003048253c0 mode 2
Event: 0.317 Thread 0x00007fbb2a80ee00 Uncommon trap: trap_request=0xffffffbe fr.pc=0x000000011ea592a0 relative=0x0000000000000400
Event: 0.317 Thread 0x00007fbb2a80ee00 Uncommon trap: reason=profile_predicate action=maybe_recompile pc=0x000000011ea592a0 method=java.lang.StringLatin1.indexOf([BI[BII)I @ 18 c2
Event: 0.317 Thread 0x00007fbb2a80ee00 DEOPT PACKING pc=0x000000011ea592a0 sp=0x00000003048254f0
Event: 0.317 Thread 0x00007fbb2a80ee00 DEOPT UNPACKING pc=0x0000000116fc6e1f sp=0x0000000304825470 mode 2

Classes unloaded (0 events):
No events

Classes redefined (0 events):
No events

Internal exceptions (20 events):
Event: 0.318 Thread 0x00007fbb2a80ee00 Exception <a 'java/lang/NoSuchMethodError'{0x000000070fd5d3b8}: 'java.lang.String org.junit.runner.Description.getMethodName()'> (0x000000070fd5d3b8) 
thrown [./open/src/hotspot/share/interpreter/linkResolver.cpp, line 782]
Event: 0.318 Thread 0x00007fbb2a80ee00 Exception <a 'java/lang/NoSuchMethodError'{0x000000070fd5db18}: 'java.lang.String org.junit.runner.Description.getClassName()'> (0x000000070fd5db18) 
thrown [./open/src/hotspot/share/interpreter/linkResolver.cpp, line 782]
Event: 0.319 Thread 0x00007fbb2a80ee00 Exception <a 'java/lang/NoSuchMethodError'{0x000000070fd5ec98}: 'java.lang.String org.junit.runner.Description.getClassName()'> (0x000000070fd5ec98) 
thrown [./open/src/hotspot/share/interpreter/linkResolver.cpp, line 782]
Event: 0.319 Thread 0x00007fbb2a80ee00 Exception <a 'java/lang/NoSuchMethodError'{0x000000070fd5f408}: 'java.lang.String org.junit.runner.Description.getClassName()'> (0x000000070fd5f408) 
thrown [./open/src/hotspot/share/interpreter/linkResolver.cpp, line 782]
Event: 0.319 Thread 0x00007fbb2a80ee00 Exception <a 'java/lang/NoSuchMethodError'{0x000000070fd5fb70}: 'java.lang.String org.junit.runner.Description.getMethodName()'> (0x000000070fd5fb70) 
thrown [./open/src/hotspot/share/interpreter/linkResolver.cpp, line 782]
Event: 0.319 Thread 0x00007fbb2a80ee00 Exception <a 'java/lang/NoSuchMethodError'{0x000000070fd602c8}: 'java.lang.String org.junit.runner.Description.getClassName()'> (0x000000070fd602c8) 
thrown [./open/src/hotspot/share/interpreter/linkResolver.cpp, line 782]
Event: 0.320 Thread 0x00007fbb2a80ee00 Exception <a 'java/lang/NoSuchMethodError'{0x000000070fd61420}: 'java.lang.String org.junit.runner.Description.getClassName()'> (0x000000070fd61420) 
thrown [./open/src/hotspot/share/interpreter/linkResolver.cpp, line 782]
Event: 0.320 Thread 0x00007fbb2a80ee00 Exception <a 'java/lang/NoSuchMethodError'{0x000000070fd61b90}: 'java.lang.String org.junit.runner.Description.getClassName()'> (0x000000070fd61b90) 
thrown [./open/src/hotspot/share/interpreter/linkResolver.cpp, line 782]
Event: 0.320 Thread 0x00007fbb2a80ee00 Exception <a 'java/lang/NoSuchMethodError'{0x000000070fd622f8}: 'java.lang.String org.junit.runner.Description.getMethodName()'> (0x000000070fd622f8) 
thrown [./open/src/hotspot/share/interpreter/linkResolver.cpp, line 782]
Event: 0.320 Thread 0x00007fbb2a80ee00 Exception <a 'java/lang/NoSuchMethodError'{0x000000070fd62a60}: 'java.lang.String org.junit.runner.Description.getClassName()'> (0x000000070fd62a60) 
thrown [./open/src/hotspot/share/interpreter/linkResolver.cpp, line 782]
Event: 0.320 Thread 0x00007fbb2a80ee00 Exception <a 'java/lang/NoSuchMethodError'{0x000000070fd63ed0}: 'java.lang.String org.junit.runner.Description.getClassName()'> (0x000000070fd63ed0) 
thrown [./open/src/hotspot/share/interpreter/linkResolver.cpp, line 782]
Event: 0.320 Thread 0x00007fbb2a80ee00 Exception <a 'java/lang/NoSuchMethodError'{0x000000070fd64640}: 'java.lang.String org.junit.runner.Description.getClassName()'> (0x000000070fd64640) 
thrown [./open/src/hotspot/share/interpreter/linkResolver.cpp, line 782]
Event: 0.320 Thread 0x00007fbb2a80ee00 Exception <a 'java/lang/NoSuchMethodError'{0x000000070fd64da8}: 'java.lang.String org.junit.runner.Description.getMethodName()'> (0x000000070fd64da8) 
thrown [./open/src/hotspot/share/interpreter/linkResolver.cpp, line 782]
Event: 0.320 Thread 0x00007fbb2a80ee00 Exception <a 'java/lang/NoSuchMethodError'{0x000000070fd65508}: 'java.lang.String org.junit.runner.Description.getClassName()'> (0x000000070fd65508) 
thrown [./open/src/hotspot/share/interpreter/linkResolver.cpp, line 782]
Event: 0.320 Thread 0x00007fbb2a80ee00 Exception <a 'java/lang/NoSuchMethodError'{0x000000070fd66928}: 'java.lang.String org.junit.runner.Description.getClassName()'> (0x000000070fd66928) 
thrown [./open/src/hotspot/share/interpreter/linkResolver.cpp, line 782]
Event: 0.320 Thread 0x00007fbb2a80ee00 Exception <a 'java/lang/NoSuchMethodError'{0x000000070fd67098}: 'java.lang.String org.junit.runner.Description.getClassName()'> (0x000000070fd67098) 
thrown [./open/src/hotspot/share/interpreter/linkResolver.cpp, line 782]
Event: 0.320 Thread 0x00007fbb2a80ee00 Exception <a 'java/lang/NoSuchMethodError'{0x000000070fd67800}: 'java.lang.String org.junit.runner.Description.getMethodName()'> (0x000000070fd67800) 
thrown [./open/src/hotspot/share/interpreter/linkResolver.cpp, line 782]
Event: 0.320 Thread 0x00007fbb2a80ee00 Exception <a 'java/lang/NoSuchMethodError'{0x000000070fd67f58}: 'java.lang.String org.junit.runner.Description.getClassName()'> (0x000000070fd67f58) 
thrown [./open/src/hotspot/share/interpreter/linkResolver.cpp, line 782]
Event: 0.342 Thread 0x00007fbb2a80ee00 Exception <a 'java/lang/NoSuchMethodError'{0x000000070fd9f548}: 'java.lang.String org.junit.runner.Description.getClassName()'> (0x000000070fd9f548) 
thrown [./open/src/hotspot/share/interpreter/linkResolver.cpp, line 782]
Event: 0.343 Thread 0x00007fbb2a80ee00 Exception <a 'java/lang/NoSuchMethodError'{0x000000070fd9fd20}: 'java.lang.String org.junit.runner.Description.getClassName()'> (0x000000070fd9fd20) 
thrown [./open/src/hotspot/share/interpreter/linkResolver.cpp, line 782]

Events (20 events):
Event: 0.271 loading class java/lang/Deprecated
Event: 0.271 loading class java/lang/Deprecated done
Event: 0.271 loading class java/lang/annotation/Documented
Event: 0.271 loading class java/lang/annotation/Documented done
Event: 0.281 loading class jdk/internal/HotSpotIntrinsicCandidate
Event: 0.281 loading class jdk/internal/HotSpotIntrinsicCandidate done
Event: 0.283 loading class java/lang/WeakPairMap$Pair$Weak
Event: 0.283 loading class java/lang/WeakPairMap$WeakRefPeer
Event: 0.283 loading class java/lang/WeakPairMap$WeakRefPeer done
Event: 0.283 loading class java/lang/WeakPairMap$Pair$Weak done
Event: 0.283 loading class java/lang/WeakPairMap$Pair$Weak$1
Event: 0.283 loading class java/lang/WeakPairMap$Pair$Weak$1 done
Event: 0.304 loading class java/util/Formatter$FixedString
Event: 0.304 loading class java/util/Formatter$FixedString done
Event: 0.308 loading class jdk/internal/reflect/UnsafeFieldAccessorFactory
Event: 0.308 loading class jdk/internal/reflect/UnsafeFieldAccessorFactory done
Event: 0.308 loading class jdk/internal/reflect/UnsafeQualifiedObjectFieldAccessorImpl
Event: 0.308 loading class jdk/internal/reflect/UnsafeQualifiedFieldAccessorImpl
Event: 0.308 loading class jdk/internal/reflect/UnsafeQualifiedFieldAccessorImpl done
Event: 0.308 loading class jdk/internal/reflect/UnsafeQualifiedObjectFieldAccessorImpl done


Dynamic libraries:
0x00007ffdffb88000 	/Library/Apple/usr/libexec/oah/runtime
0x00007fff2a5a6000 	/usr/lib/libz.1.dylib
0x00000001084d3000 	/Library/Java/JavaVirtualMachines/jdk-15.0.1.jdk/Contents/Home/lib/libjli.dylib
0x00007fff35258000 	/System/Library/Frameworks/Cocoa.framework/Versions/A/Cocoa
0x00007fff22100000 	/System/Library/Frameworks/Security.framework/Versions/A/Security
0x00007fff33455000 	/System/Library/Frameworks/ApplicationServices.framework/Versions/A/ApplicationServices
0x00007fff2a672000 	/usr/lib/libSystem.B.dylib
0x00007fff2a66c000 	/usr/lib/system/libcache.dylib
0x00007fff2a628000 	/usr/lib/system/libcommonCrypto.dylib
0x00007fff2a652000 	/usr/lib/system/libcompiler_rt.dylib
0x00007fff2a647000 	/usr/lib/system/libcopyfile.dylib
0x00007fff2009e000 	/usr/lib/system/libcorecrypto.dylib
0x00007fff2016b000 	/usr/lib/system/libdispatch.dylib
0x00007fff20320000 	/usr/lib/system/libdyld.dylib
0x00007fff2a663000 	/usr/lib/system/libkeymgr.dylib
0x00007fff2dc07000 	/usr/lib/system/liblaunch.dylib
0x00007fff2a606000 	/usr/lib/system/libmacho.dylib
0x00007fff29e1b000 	/usr/lib/system/libquarantine.dylib
0x00007fff2a660000 	/usr/lib/system/libremovefile.dylib
0x00007fff24a97000 	/usr/lib/system/libsystem_asl.dylib
0x00007fff2004e000 	/usr/lib/system/libsystem_blocks.dylib
0x00007fff201ed000 	/usr/lib/system/libsystem_c.dylib
0x00007fff2a65a000 	/usr/lib/system/libsystem_collections.dylib
0x00007fff29208000 	/usr/lib/system/libsystem_configuration.dylib
0x00007fff284f7000 	/usr/lib/system/libsystem_containermanager.dylib
0x00007fff2a39e000 	/usr/lib/system/libsystem_coreservices.dylib
0x00007fff226b4000 	/usr/lib/system/libsystem_darwin.dylib
0x00007fff2a664000 	/usr/lib/system/libsystem_dnssd.dylib
0x00007fff201ea000 	/usr/lib/system/libsystem_featureflags.dylib
0x00007fff20365000 	/usr/lib/system/libsystem_info.dylib
0x00007fff2a5b9000 	/usr/lib/system/libsystem_m.dylib
0x00007fff2013e000 	/usr/lib/system/libsystem_malloc.dylib
0x00007fff24a2b000 	/usr/lib/system/libsystem_networkextension.dylib
0x00007fff22acf000 	/usr/lib/system/libsystem_notify.dylib
0x00007fff300bb000 	/usr/lib/system/libsystem_product_info_filter.dylib
0x00007fff2920c000 	/usr/lib/system/libsystem_sandbox.dylib
0x00007fff2a65d000 	/usr/lib/system/libsystem_secinit.dylib
0x00007fff202e5000 	/usr/lib/system/libsystem_kernel.dylib
0x00007fff2035b000 	/usr/lib/system/libsystem_platform.dylib
0x00007fff20314000 	/usr/lib/system/libsystem_pthread.dylib
0x00007fff261c5000 	/usr/lib/system/libsystem_symptoms.dylib
0x00007fff20086000 	/usr/lib/system/libsystem_trace.dylib
0x00007fff2a634000 	/usr/lib/system/libunwind.dylib
0x00007fff20050000 	/usr/lib/system/libxpc.dylib
0x00007fff202cc000 	/usr/lib/libc++abi.dylib
0x00007fff201b0000 	/usr/lib/libobjc.A.dylib
0x00007fff2a63f000 	/usr/lib/liboah.dylib
0x00007fff20276000 	/usr/lib/libc++.1.dylib
0x00007fff20391000 	/System/Library/Frameworks/CoreFoundation.framework/Versions/A/CoreFoundation
0x00007fff21073000 	/System/Library/Frameworks/Foundation.framework/Versions/C/Foundation
0x00007fff22b27000 	/System/Library/Frameworks/AppKit.framework/Versions/C/AppKit
0x00007fff259e5000 	/System/Library/Frameworks/CoreData.framework/Versions/A/CoreData
0x00007fff2388a000 	/System/Library/PrivateFrameworks/UIFoundation.framework/Versions/A/UIFoundation
0x00007fff2fe34000 	/System/Library/PrivateFrameworks/RemoteViewServices.framework/Versions/A/RemoteViewServices
0x00007fff28bc1000 	/System/Library/PrivateFrameworks/XCTTargetBootstrap.framework/Versions/A/XCTTargetBootstrap
0x00007fff2b910000 	/usr/lib/libspindump.dylib
0x00007fff23adf000 	/System/Library/Frameworks/UniformTypeIdentifiers.framework/Versions/A/UniformTypeIdentifiers
0x00007fff27397000 	/usr/lib/libapp_launch_measurement.dylib
0x00007fff2739a000 	/System/Library/PrivateFrameworks/CoreAutoLayout.framework/Versions/A/CoreAutoLayout
0x00007fff28523000 	/System/Library/Frameworks/Metal.framework/Versions/A/Metal
0x00007fff29217000 	/usr/lib/liblangid.dylib
0x00007fff28bc5000 	/System/Library/PrivateFrameworks/CoreSVG.framework/Versions/A/CoreSVG
0x00007fff24ac6000 	/System/Library/PrivateFrameworks/SkyLight.framework/Versions/A/SkyLight
0x00007fff24e2d000 	/System/Library/Frameworks/CoreGraphics.framework/Versions/A/CoreGraphics
0x00007fff3048b000 	/System/Library/Frameworks/Accelerate.framework/Versions/A/Accelerate
0x00007fff2b34b000 	/System/Library/PrivateFrameworks/IconServices.framework/Versions/A/IconServices
0x00007fff28508000 	/System/Library/Frameworks/IOSurface.framework/Versions/A/IOSurface
0x00007fff26377000 	/usr/lib/libDiagnosticMessagesClient.dylib
0x00007fff28bad000 	/System/Library/PrivateFrameworks/DFRFoundation.framework/Versions/A/DFRFoundation
0x00007fff22452000 	/usr/lib/libicucore.A.dylib
0x00007fff2ce55000 	/System/Library/Frameworks/AudioToolbox.framework/Versions/A/AudioToolbox
0x00007fff2c0fa000 	/System/Library/PrivateFrameworks/DataDetectorsCore.framework/Versions/A/DataDetectorsCore
0x00007fff288ad000 	/System/Library/Frameworks/Carbon.framework/Versions/A/Frameworks/HIToolbox.framework/Versions/A/HIToolbox
0x00007fff26df2000 	/System/Library/Frameworks/QuartzCore.framework/Versions/A/QuartzCore
0x00007fff2fe70000 	/System/Library/Frameworks/Carbon.framework/Versions/A/Frameworks/SpeechRecognition.framework/Versions/A/SpeechRecognition
0x00007fff270ff000 	/System/Library/PrivateFrameworks/CoreUI.framework/Versions/A/CoreUI
0x00007fff21a5b000 	/System/Library/Frameworks/CoreAudio.framework/Versions/A/CoreAudio
0x00007fff26462000 	/System/Library/Frameworks/DiskArbitration.framework/Versions/A/DiskArbitration
0x00007fff2bd0a000 	/System/Library/PrivateFrameworks/MultitouchSupport.framework/Versions/A/MultitouchSupport
0x00007fff2c0f1000 	/System/Library/PrivateFrameworks/InternationalSupport.framework/Versions/A/InternationalSupport
0x00007fff24a3a000 	/usr/lib/libenergytrace.dylib
0x00007fff22a20000 	/System/Library/Frameworks/IOKit.framework/Versions/A/IOKit
0x00007fff301bd000 	/System/Library/Frameworks/CoreServices.framework/Versions/A/CoreServices
0x00007fff2732d000 	/System/Library/PrivateFrameworks/PerformanceAnalysis.framework/Versions/A/PerformanceAnalysis
0x00007fff6cb33000 	/System/Library/Frameworks/OpenGL.framework/Versions/A/OpenGL
0x00007fff2c176000 	/System/Library/PrivateFrameworks/UserActivity.framework/Versions/A/UserActivity
0x00007fff254e7000 	/System/Library/Frameworks/ColorSync.framework/Versions/A/ColorSync
0x00007fff28e2e000 	/System/Library/Frameworks/CoreImage.framework/Versions/A/CoreImage
0x00007fff21872000 	/System/Library/Frameworks/CoreText.framework/Versions/A/CoreText
0x00007fff28bef000 	/System/Library/Frameworks/ImageIO.framework/Versions/A/ImageIO
0x00007fff2a678000 	/System/Library/PrivateFrameworks/SoftLinking.framework/Versions/A/SoftLinking
0x00007fff273e3000 	/usr/lib/libxml2.2.dylib
0x00007fff2a8ea000 	/usr/lib/libcompression.dylib
0x00007fff24a3b000 	/usr/lib/libMobileGestalt.dylib
0x00007fff2c024000 	/System/Library/PrivateFrameworks/TextureIO.framework/Versions/A/TextureIO
0x00007fff2afd8000 	/usr/lib/libate.dylib
0x00007fff2ad03000 	/usr/lib/liblzma.5.dylib
0x00007fff20d87000 	/System/Library/Frameworks/SystemConfiguration.framework/Versions/A/SystemConfiguration
0x00007fff2a674000 	/usr/lib/libfakelink.dylib
0x00007fff2458d000 	/System/Library/Frameworks/CFNetwork.framework/Versions/A/CFNetwork
0x00007fff2a7b4000 	/usr/lib/libarchive.2.dylib
0x00007fff20e05000 	/usr/lib/libCRFSuite.dylib
0x00007fff29e42000 	/usr/lib/libbsm.0.dylib
0x00007fff23f49000 	/usr/lib/libnetwork.dylib
0x00007fff2a679000 	/usr/lib/libpcap.A.dylib
0x00007fff261be000 	/usr/lib/libdns_services.dylib
0x00007fff2ad1c000 	/usr/lib/libcoretls_cfhelpers.dylib
0x00007fff2a8b8000 	/usr/lib/libapple_nghttp2.dylib
0x00007fff2a60c000 	/usr/lib/system/libkxld.dylib
0x00007fff25e2c000 	/usr/lib/libsqlite3.dylib
0x00007fff2a380000 	/System/Library/PrivateFrameworks/AppleFSCompression.framework/Versions/A/AppleFSCompression
0x00007fff29e2a000 	/usr/lib/libcoretls.dylib
0x00007fff2a8e5000 	/usr/lib/libpam.2.dylib
0x00007fff2ae19000 	/usr/lib/libxar.1.dylib
0x00007fff29213000 	/System/Library/PrivateFrameworks/AppleSystemInfo.framework/Versions/A/AppleSystemInfo
0x00007fff29a6d000 	/System/Library/PrivateFrameworks/IOMobileFramebuffer.framework/Versions/A/IOMobileFramebuffer
0x00007fff2a390000 	/usr/lib/libbz2.1.0.dylib
0x00007fff2a6b1000 	/usr/lib/libiconv.2.dylib
0x00007fff2a605000 	/usr/lib/libcharset.1.dylib
0x00007fff27369000 	/System/Library/Frameworks/CoreServices.framework/Versions/A/Frameworks/FSEvents.framework/Versions/A/FSEvents
0x00007fff226be000 	/System/Library/Frameworks/CoreServices.framework/Versions/A/Frameworks/CarbonCore.framework/Versions/A/CarbonCore
0x00007fff263c7000 	/System/Library/Frameworks/CoreServices.framework/Versions/A/Frameworks/Metadata.framework/Versions/A/Metadata
0x00007fff2a3a3000 	/System/Library/Frameworks/CoreServices.framework/Versions/A/Frameworks/OSServices.framework/Versions/A/OSServices
0x00007fff2a826000 	/System/Library/Frameworks/CoreServices.framework/Versions/A/Frameworks/SearchKit.framework/Versions/A/SearchKit
0x00007fff26148000 	/System/Library/Frameworks/CoreServices.framework/Versions/A/Frameworks/AE.framework/Versions/A/AE
0x00007fff2082d000 	/System/Library/Frameworks/CoreServices.framework/Versions/A/Frameworks/LaunchServices.framework/Versions/A/LaunchServices
0x00007fff2acb4000 	/System/Library/Frameworks/CoreServices.framework/Versions/A/Frameworks/DictionaryServices.framework/Versions/A/DictionaryServices
0x00007fff27372000 	/System/Library/Frameworks/CoreServices.framework/Versions/A/Frameworks/SharedFileList.framework/Versions/A/SharedFileList
0x00007fff29e1e000 	/usr/lib/libCheckFix.dylib
0x00007fff24aae000 	/System/Library/PrivateFrameworks/TCC.framework/Versions/A/TCC
0x00007fff29219000 	/System/Library/PrivateFrameworks/CoreNLP.framework/Versions/A/CoreNLP
0x00007fff2637a000 	/System/Library/PrivateFrameworks/MetadataUtilities.framework/Versions/A/MetadataUtilities
0x00007fff20e3b000 	/usr/lib/libmecabra.dylib
0x00007fff2a132000 	/System/Library/Frameworks/MLCompute.framework/Versions/A/MLCompute
0x00007fff29e53000 	/usr/lib/libmecab.dylib
0x00007fff29e9d000 	/usr/lib/libgermantok.dylib
0x00007fff2a88e000 	/usr/lib/libThaiTokenizer.dylib
0x00007fff2ae54000 	/usr/lib/libChineseTokenizer.dylib
0x00007fff2a8e3000 	/System/Library/Frameworks/MetalPerformanceShaders.framework/Versions/A/MetalPerformanceShaders
0x00007fff26469000 	/System/Library/Frameworks/Accelerate.framework/Versions/A/Frameworks/vImage.framework/Versions/A/vImage
0x00007fff30196000 	/System/Library/Frameworks/Accelerate.framework/Versions/A/Frameworks/vecLib.framework/Versions/A/vecLib
0x00007fff2ae5f000 	/System/Library/Frameworks/Accelerate.framework/Versions/A/Frameworks/vecLib.framework/Versions/A/libvMisc.dylib
0x00007fff298c9000 	/System/Library/Frameworks/Accelerate.framework/Versions/A/Frameworks/vecLib.framework/Versions/A/libvDSP.dylib
0x00007fff20b31000 	/System/Library/Frameworks/Accelerate.framework/Versions/A/Frameworks/vecLib.framework/Versions/A/libBLAS.dylib
0x00007fff2a909000 	/System/Library/Frameworks/Accelerate.framework/Versions/A/Frameworks/vecLib.framework/Versions/A/libLAPACK.dylib
0x00007fff29ea3000 	/System/Library/Frameworks/Accelerate.framework/Versions/A/Frameworks/vecLib.framework/Versions/A/libLinearAlgebra.dylib
0x00007fff2a8d0000 	/System/Library/Frameworks/Accelerate.framework/Versions/A/Frameworks/vecLib.framework/Versions/A/libSparseBLAS.dylib
0x00007fff2a903000 	/System/Library/Frameworks/Accelerate.framework/Versions/A/Frameworks/vecLib.framework/Versions/A/libQuadrature.dylib
0x00007fff292c1000 	/System/Library/Frameworks/Accelerate.framework/Versions/A/Frameworks/vecLib.framework/Versions/A/libBNNS.dylib
0x00007fff20d18000 	/System/Library/Frameworks/Accelerate.framework/Versions/A/Frameworks/vecLib.framework/Versions/A/libSparse.dylib
0x00007fff291ac000 	/System/Library/Frameworks/MetalPerformanceShaders.framework/Versions/A/Frameworks/MPSCore.framework/Versions/A/MPSCore
0x00007fff2a2ef000 	/System/Library/Frameworks/MetalPerformanceShaders.framework/Versions/A/Frameworks/MPSImage.framework/Versions/A/MPSImage
0x00007fff29eba000 	/System/Library/Frameworks/MetalPerformanceShaders.framework/Versions/A/Frameworks/MPSNeuralNetwork.framework/Versions/A/MPSNeuralNetwork
0x00007fff2a27a000 	/System/Library/Frameworks/MetalPerformanceShaders.framework/Versions/A/Frameworks/MPSMatrix.framework/Versions/A/MPSMatrix
0x00007fff2a0e2000 	/System/Library/Frameworks/MetalPerformanceShaders.framework/Versions/A/Frameworks/MPSRayIntersector.framework/Versions/A/MPSRayIntersector
0x00007fff2a2b1000 	/System/Library/Frameworks/MetalPerformanceShaders.framework/Versions/A/Frameworks/MPSNDArray.framework/Versions/A/MPSNDArray
0x00007fff20a5d000 	/System/Library/PrivateFrameworks/MetalTools.framework/Versions/A/MetalTools
0x00007fff29211000 	/System/Library/PrivateFrameworks/AggregateDictionary.framework/Versions/A/AggregateDictionary
0x00007fff26352000 	/System/Library/PrivateFrameworks/CoreAnalytics.framework/Versions/A/CoreAnalytics
0x00007fff2a890000 	/System/Library/PrivateFrameworks/AppleSauce.framework/Versions/A/AppleSauce
0x00007fff2851a000 	/System/Library/PrivateFrameworks/IOAccelerator.framework/Versions/A/IOAccelerator
0x00007fff6cb27000 	/System/Library/Frameworks/OpenGL.framework/Versions/A/Libraries/libCoreFSCache.dylib
0x00007fff213d7000 	/System/Library/PrivateFrameworks/LanguageModeling.framework/Versions/A/LanguageModeling
0x00007fff29a5a000 	/System/Library/PrivateFrameworks/CoreEmoji.framework/Versions/A/CoreEmoji
0x00007fff292ba000 	/System/Library/PrivateFrameworks/LinguisticData.framework/Versions/A/LinguisticData
0x00007fff20cca000 	/System/Library/PrivateFrameworks/Lexicon.framework/Versions/A/Lexicon
0x00007fff2a7a2000 	/usr/lib/libcmph.dylib
0x00007fff27349000 	/System/Library/Frameworks/OpenDirectory.framework/Versions/A/Frameworks/CFOpenDirectory.framework/Versions/A/CFOpenDirectory
0x00007fff27339000 	/System/Library/Frameworks/OpenDirectory.framework/Versions/A/OpenDirectory
0x00007fff2ad1e000 	/System/Library/PrivateFrameworks/APFS.framework/Versions/A/APFS
0x00007fff29d7f000 	/System/Library/Frameworks/SecurityFoundation.framework/Versions/A/SecurityFoundation
0x00007fff2ae27000 	/usr/lib/libutil.dylib
0x00007fff229e5000 	/System/Library/PrivateFrameworks/CoreServicesStore.framework/Versions/A/CoreServicesStore
0x00007fff29e16000 	/System/Library/Frameworks/ServiceManagement.framework/Versions/A/ServiceManagement
0x00007fff2ae2b000 	/usr/lib/libxslt.1.dylib
0x00007fff29e0c000 	/System/Library/PrivateFrameworks/BackgroundTaskManagement.framework/Versions/A/BackgroundTaskManagement
0x00007fff2bf6f000 	/System/Library/Frameworks/ImageIO.framework/Versions/A/Resources/libRadiance.dylib
0x00007fff2bf78000 	/System/Library/Frameworks/ImageIO.framework/Versions/A/Resources/libJPEG.dylib
0x00007fff2bec4000 	/System/Library/Frameworks/ImageIO.framework/Versions/A/Resources/libPng.dylib
0x00007fff2beeb000 	/System/Library/Frameworks/ImageIO.framework/Versions/A/Resources/libTIFF.dylib
0x00007fff2bfcd000 	/System/Library/Frameworks/ImageIO.framework/Versions/A/Resources/libGIF.dylib
0x00007fff2bc28000 	/System/Library/Frameworks/ImageIO.framework/Versions/A/Resources/libJP2.dylib
0x00007fff2b312000 	/usr/lib/libexpat.1.dylib
0x00007fff2bbdd000 	/System/Library/PrivateFrameworks/AppleJPEG.framework/Versions/A/AppleJPEG
0x00007fff28750000 	/System/Library/PrivateFrameworks/FontServices.framework/libFontParser.dylib
0x00007fff260fc000 	/System/Library/PrivateFrameworks/RunningBoardServices.framework/Versions/A/RunningBoardServices
0x00007fff2bd06000 	/System/Library/PrivateFrameworks/WatchdogClient.framework/Versions/A/WatchdogClient
0x00007fff214c4000 	/System/Library/Frameworks/CoreDisplay.framework/Versions/A/CoreDisplay
0x00007fff28666000 	/System/Library/Frameworks/CoreMedia.framework/Versions/A/CoreMedia
0x00007fff274c6000 	/System/Library/Frameworks/CoreVideo.framework/Versions/A/CoreVideo
0x00007fff2bd3e000 	/System/Library/Frameworks/VideoToolbox.framework/Versions/A/VideoToolbox
0x00007fff2607a000 	/System/Library/PrivateFrameworks/BaseBoard.framework/Versions/A/BaseBoard
0x00007fff2b457000 	/System/Library/PrivateFrameworks/PersistentConnection.framework/Versions/A/PersistentConnection
0x00007fff25e15000 	/System/Library/PrivateFrameworks/ProtocolBuffer.framework/Versions/A/ProtocolBuffer
0x00007fff26061000 	/System/Library/PrivateFrameworks/CommonUtilities.framework/Versions/A/CommonUtilities
0x00007fff2bb72000 	/System/Library/PrivateFrameworks/Bom.framework/Versions/A/Bom
0x00007fff2bf68000 	/System/Library/PrivateFrameworks/GPUWrangler.framework/Versions/A/GPUWrangler
0x00007fff2bf4b000 	/System/Library/PrivateFrameworks/IOPresentment.framework/Versions/A/IOPresentment
0x00007fff2bf72000 	/System/Library/PrivateFrameworks/DSExternalDisplay.framework/Versions/A/DSExternalDisplay
0x00007fff2bfd2000 	/System/Library/PrivateFrameworks/CMCaptureCore.framework/Versions/A/CMCaptureCore
0x00007fff2b8f7000 	/System/Library/PrivateFrameworks/AppServerSupport.framework/Versions/A/AppServerSupport
0x00007fff2d9a6000 	/System/Library/PrivateFrameworks/perfdata.framework/Versions/A/perfdata
0x00007fff29d6e000 	/System/Library/PrivateFrameworks/AssertionServices.framework/Versions/A/AssertionServices
0x00007fff215fb000 	/System/Library/PrivateFrameworks/AudioToolboxCore.framework/Versions/A/AudioToolboxCore
0x00007fff28649000 	/System/Library/PrivateFrameworks/caulk.framework/Versions/A/caulk
0x00007fff3d651000 	/System/Library/PrivateFrameworks/SystemPolicy.framework/Versions/A/SystemPolicy
0x00007fff2b107000 	/usr/lib/libIOReport.dylib
0x00007fff2d1c8000 	/usr/lib/libSMC.dylib
0x00007fff2be91000 	/usr/lib/libAudioToolboxUtility.dylib
0x00007fff3dfbb000 	/usr/lib/libmis.dylib
0x00007fff6cb83000 	/System/Library/Frameworks/OpenGL.framework/Versions/A/Libraries/libGLU.dylib
0x00007fff6cb46000 	/System/Library/Frameworks/OpenGL.framework/Versions/A/Libraries/libGFXShared.dylib
0x00007fff6cd55000 	/System/Library/Frameworks/OpenGL.framework/Versions/A/Libraries/libGL.dylib
0x00007fff6cb4f000 	/System/Library/Frameworks/OpenGL.framework/Versions/A/Libraries/libGLImage.dylib
0x00007fff6cb43000 	/System/Library/Frameworks/OpenGL.framework/Versions/A/Libraries/libCVMSPluginSupport.dylib
0x00007fff6cb2e000 	/System/Library/Frameworks/OpenGL.framework/Versions/A/Libraries/libCoreVMClient.dylib
0x00007fff6e196000 	/System/Library/Frameworks/OpenCL.framework/Versions/A/OpenCL
0x00007fff2b481000 	/System/Library/PrivateFrameworks/GraphVisualizer.framework/Versions/A/GraphVisualizer
0x00007fff2b490000 	/System/Library/PrivateFrameworks/FaceCore.framework/Versions/A/FaceCore
0x00007fff2b8ac000 	/System/Library/PrivateFrameworks/OTSVG.framework/Versions/A/OTSVG
0x00007fff270bd000 	/System/Library/Frameworks/ApplicationServices.framework/Versions/A/Frameworks/ATS.framework/Versions/A/Resources/libFontRegistry.dylib
0x00007fff2b8fe000 	/System/Library/PrivateFrameworks/FontServices.framework/libhvf.dylib
0x00007fff2b2be000 	/System/Library/PrivateFrameworks/AppleVA.framework/Versions/A/AppleVA
0x00007fff2d011000 	/System/Library/Frameworks/ApplicationServices.framework/Versions/A/Frameworks/ATS.framework/Versions/A/ATS
0x00007fff2d323000 	/System/Library/Frameworks/ApplicationServices.framework/Versions/A/Frameworks/ColorSyncLegacy.framework/Versions/A/ColorSyncLegacy
0x00007fff255de000 	/System/Library/Frameworks/ApplicationServices.framework/Versions/A/Frameworks/HIServices.framework/Versions/A/HIServices
0x00007fff2d308000 	/System/Library/Frameworks/ApplicationServices.framework/Versions/A/Frameworks/LangAnalysis.framework/Versions/A/LangAnalysis
0x00007fff2bfdc000 	/System/Library/Frameworks/ApplicationServices.framework/Versions/A/Frameworks/PrintCore.framework/Versions/A/PrintCore
0x00007fff2d32b000 	/System/Library/Frameworks/ApplicationServices.framework/Versions/A/Frameworks/QD.framework/Versions/A/QD
0x00007fff2d001000 	/System/Library/Frameworks/ApplicationServices.framework/Versions/A/Frameworks/SpeechSynthesis.framework/Versions/A/SpeechSynthesis
0x00007fff2bf9d000 	/System/Library/Frameworks/ApplicationServices.framework/Versions/A/Frameworks/ATSUI.framework/Versions/A/ATSUI
0x00007fff2d2a8000 	/usr/lib/libcups.2.dylib
0x00007fff2d318000 	/System/Library/PrivateFrameworks/NetAuth.framework/Versions/A/NetAuth
0x00007fff2d9c2000 	/System/Library/Frameworks/Kerberos.framework/Versions/A/Kerberos
0x00007fff2d9d2000 	/System/Library/Frameworks/GSS.framework/Versions/A/GSS
0x00007fff2d07d000 	/usr/lib/libresolv.9.dylib
0x00007fff2b913000 	/System/Library/PrivateFrameworks/Heimdal.framework/Versions/A/Heimdal
0x00007fff33756000 	/System/Library/Frameworks/Kerberos.framework/Versions/A/Libraries/libHeimdalProxy.dylib
0x00007fff261cd000 	/System/Library/Frameworks/Network.framework/Versions/A/Network
0x00007fff2b32c000 	/usr/lib/libheimdal-asn1.dylib
0x00007fff2da22000 	/System/Library/PrivateFrameworks/CommonAuth.framework/Versions/A/CommonAuth
0x00007fff27513000 	/System/Library/PrivateFrameworks/login.framework/Versions/A/Frameworks/loginsupport.framework/Versions/A/loginsupport
0x00007fff2cf86000 	/System/Library/PrivateFrameworks/AudioSession.framework/Versions/A/AudioSession
0x00007fff2cfee000 	/usr/lib/libAudioStatistics.dylib
0x00007fff2b3b9000 	/System/Library/PrivateFrameworks/MediaExperience.framework/Versions/A/MediaExperience
0x00007fff2ce23000 	/System/Library/PrivateFrameworks/AudioSession.framework/libSessionUtility.dylib
0x00007fff2d9b3000 	/usr/lib/libperfcheck.dylib
0x00007fff2d337000 	/System/Library/PrivateFrameworks/AudioResourceArbitration.framework/Versions/A/AudioResourceArbitration
0x00007fff2b336000 	/System/Library/PrivateFrameworks/IconFoundation.framework/Versions/A/IconFoundation
0x00007fff2fe60000 	/System/Library/PrivateFrameworks/SpeechRecognitionCore.framework/Versions/A/SpeechRecognitionCore
0x000000010c800000 	/Library/Java/JavaVirtualMachines/jdk-15.0.1.jdk/Contents/Home/lib/server/libjvm.dylib
0x000000010855b000 	/Library/Java/JavaVirtualMachines/jdk-15.0.1.jdk/Contents/Home/lib/libjimage.dylib
0x0000000108575000 	/Library/Java/JavaVirtualMachines/jdk-15.0.1.jdk/Contents/Home/lib/libinstrument.dylib
0x000000010859a000 	/Library/Java/JavaVirtualMachines/jdk-15.0.1.jdk/Contents/Home/lib/libjava.dylib
0x0000000133db5000 	/Library/Java/JavaVirtualMachines/jdk-15.0.1.jdk/Contents/Home/lib/libzip.dylib
0x0000000133dde000 	/Library/Java/JavaVirtualMachines/jdk-15.0.1.jdk/Contents/Home/lib/libnio.dylib
0x0000000133e0c000 	/Library/Java/JavaVirtualMachines/jdk-15.0.1.jdk/Contents/Home/lib/libnet.dylib
0x0000000133ef7000 	/Library/Java/JavaVirtualMachines/jdk-15.0.1.jdk/Contents/Home/lib/libverify.dylib
0x0000000133f22000 	/Library/Java/JavaVirtualMachines/jdk-15.0.1.jdk/Contents/Home/lib/libextnet.dylib


VM Arguments:
jvm_args: -ea -Didea.test.cyclic.buffer.size=1048576 -javaagent:/Applications/IntelliJ IDEA.app/Contents/lib/idea_rt.jar=50684:/Applications/IntelliJ IDEA.app/Contents/bin -Dfile.encoding=UTF-8 
java_command: com.intellij.rt.junit.JUnitStarter -ideVersion5 -junit4 simpledb.IntHistogramTest
java_class_path (initial): /Applications/IntelliJ IDEA.app/Contents/lib/idea_rt.jar:/Applications/IntelliJ IDEA.app/Contents/plugins/junit/lib/junit5-rt.jar:/Applications/IntelliJ IDEA.app/Contents/plugins/junit/lib/junit-rt.jar:/Users/ericboris/Developer/CSE444/labs/simple-db-eboris91/out/test/simple-db-eboris91:/Users/ericboris/Developer/CSE444/labs/simple-db-eboris91/out/production/simple-db-eboris91:/Users/ericboris/Developer/CSE444/labs/simple-db-eboris91/lib/ant-contrib-1.0b3.jar:/Users/ericboris/Developer/CSE444/labs/simple-db-eboris91/lib/junit-4.5.jar:/Users/ericboris/Developer/CSE444/labs/simple-db-eboris91/lib/jline-0.9.94.jar:/Users/ericboris/Developer/CSE444/labs/simple-db-eboris91/lib/zql.jar
Launcher Type: SUN_STANDARD

[Global flags]
     intx CICompilerCount                          = 4                                         {product} {ergonomic}
     uint ConcGCThreads                            = 2                                         {product} {ergonomic}
     uint G1ConcRefinementThreads                  = 8                                         {product} {ergonomic}
   size_t G1HeapRegionSize                         = 2097152                                   {product} {ergonomic}
    uintx GCDrainStackTargetSize                   = 64                                        {product} {ergonomic}
   size_t InitialHeapSize                          = 268435456                                 {product} {ergonomic}
   size_t MarkStackSize                            = 4194304                                   {product} {ergonomic}
   size_t MaxHeapSize                              = 4294967296                                {product} {ergonomic}
   size_t MaxNewSize                               = 2575302656                                {product} {ergonomic}
   size_t MinHeapDeltaBytes                        = 2097152                                   {product} {ergonomic}
   size_t MinHeapSize                              = 8388608                                   {product} {ergonomic}
    uintx NonNMethodCodeHeapSize                   = 5839372                                {pd product} {ergonomic}
    uintx NonProfiledCodeHeapSize                  = 122909434                              {pd product} {ergonomic}
    uintx ProfiledCodeHeapSize                     = 122909434                              {pd product} {ergonomic}
    uintx ReservedCodeCacheSize                    = 251658240                              {pd product} {ergonomic}
     bool SegmentedCodeCache                       = true                                      {product} {ergonomic}
   size_t SoftMaxHeapSize                          = 4294967296                             {manageable} {ergonomic}
     bool UseCompressedClassPointers               = true                                 {lp64_product} {ergonomic}
     bool UseCompressedOops                        = true                                 {lp64_product} {ergonomic}
     bool UseG1GC                                  = true                                      {product} {ergonomic}
     bool UseNUMA                                  = false                                     {product} {ergonomic}
     bool UseNUMAInterleaving                      = false                                     {product} {ergonomic}

Logging:
Log output configuration:
 #0: stdout all=warning uptime,level,tags
 #1: stderr all=off uptime,level,tags

Environment Variables:
PATH=/bin:/Users/ericboris/opt/anaconda3/bin:/Users/ericboris/opt/anaconda3/condabin:/opt/apache-maven-3.6.3/bin:/usr/local/bin:/usr/bin:/bin:/usr/sbin:/sbin:
SHELL=/bin/zsh
LC_CTYPE=en_US.UTF-8

Signal Handlers:
SIGSEGV: [libjvm.dylib+0x9fe2e0], sa_mask[0]=11111111111111111111111111111111, sa_flags=SA_ONSTACK|SA_RESTART|SA_SIGINFO
SIGBUS: [libjvm.dylib+0x9fe2e0], sa_mask[0]=11111111111111111111111111111111, sa_flags=SA_RESTART|SA_SIGINFO
SIGFPE: [libjvm.dylib+0x9fe2e0], sa_mask[0]=11111111111111111111111111111111, sa_flags=SA_RESTART|SA_SIGINFO
SIGPIPE: [libjvm.dylib+0x82a110], sa_mask[0]=11111111111111111111111111111111, sa_flags=SA_RESTART|SA_SIGINFO
SIGXFSZ: [libjvm.dylib+0x82a110], sa_mask[0]=11111111111111111111111111111111, sa_flags=SA_RESTART|SA_SIGINFO
SIGILL: [libjvm.dylib+0x9fe2e0], sa_mask[0]=11111111111111111111111111111111, sa_flags=SA_RESTART|SA_SIGINFO
SIGUSR2: [libjvm.dylib+0x82ac20], sa_mask[0]=00100000000000000000000000000000, sa_flags=SA_RESTART|SA_SIGINFO
SIGHUP: [libjvm.dylib+0x829320], sa_mask[0]=11111111111111111111111111111111, sa_flags=SA_RESTART|SA_SIGINFO
SIGINT: [libjvm.dylib+0x829320], sa_mask[0]=11111111111111111111111111111111, sa_flags=SA_RESTART|SA_SIGINFO
SIGTERM: [libjvm.dylib+0x829320], sa_mask[0]=11111111111111111111111111111111, sa_flags=SA_RESTART|SA_SIGINFO
SIGQUIT: [libjvm.dylib+0x829320], sa_mask[0]=11111111111111111111111111111111, sa_flags=SA_RESTART|SA_SIGINFO


---------------  S Y S T E M  ---------------

OS:uname: Darwin 20.3.0 Darwin Kernel Version 20.3.0: Thu Jan 21 00:06:51 PST 2021; root:xnu-7195.81.3~1/RELEASE_ARM64_T8101 x86_64
OS uptime: 0 days 4:14 hours
rlimit (soft/hard): STACK 8176k/65520k , CORE 0k/infinity , NPROC 2666/4000 , NOFILE 10240/infinity , AS infinity/infinity , CPU infinity/infinity , DATA infinity/infinity , FSIZE infinity/infinity , MEMLOCK infinity/infinity , RSS infinity/infinity
load average: 2.63 2.40 2.09

CPU: total 8 (initial active 8) (1 cores per cpu, 1 threads per core) family 6 model 44 stepping 0 microcode 0x0, cmov, cx8, fxsr, mmx, sse, sse2, sse3, ssse3, sse4.1, sse4.2, popcnt, aes, clmul, tsc, tscinvbit, tscinv, clflush

Memory: 4k page, physical 16777216k(20264k free), swap 1048576k(1025792k free)

vm_info: Java HotSpot(TM) 64-Bit Server VM (15.0.1+9-18) for bsd-amd64 JRE (15.0.1+9-18), built on Sep 15 2020 13:50:45 by "mach5one" with clang 4.2.1 Compatible Apple LLVM 10.0.0 (clang-1000.11.45.5)

END.
